The system is: Windows - 10.0.17763 - AMD64
Compiling the C compiler identification source file "CMakeCCompilerId.c" succeeded.
Compiler: C:/Program Files (x86)/Microsoft Visual Studio/2017/Community/VC/Tools/MSVC/14.16.27023/bin/Hostx86/x86/cl.exe 
Build flags: 
Id flags:  

The output was:
0
Microsoft (R) C/C++ Optimizing Compiler Version 19.16.27024.1 for x86
Copyright (C) Microsoft Corporation.  All rights reserved.

CMakeCCompilerId.c
Microsoft (R) Incremental Linker Version 14.16.27024.1
Copyright (C) Microsoft Corporation.  All rights reserved.

/out:CMakeCCompilerId.exe 
CMakeCCompilerId.obj 


Compilation of the C compiler identification source "CMakeCCompilerId.c" produced "CMakeCCompilerId.exe"

Compilation of the C compiler identification source "CMakeCCompilerId.c" produced "CMakeCCompilerId.obj"

The C compiler identification is MSVC, found in "C:/Users/Bailey/OneDrive - Fareham College/Year 2/Programming/C Tutorials/Tutorial 7/Task 7/cmake-build-debug/CMakeFiles/3.13.2/CompilerIdC/CMakeCCompilerId.exe"

Determining if the C compiler works passed with the following output:
Change Dir: C:/Users/Bailey/OneDrive - Fareham College/Year 2/Programming/C Tutorials/Tutorial 7/Task 7/cmake-build-debug/CMakeFiles/CMakeTmp

Run Build Command:"nmake" "/nologo" "cmTC_92d3d\fast"
	"C:\Program Files (x86)\Microsoft Visual Studio\2017\Community\VC\Tools\MSVC\14.16.27023\bin\HostX86\x86\nmake.exe" -f CMakeFiles\cmTC_92d3d.dir\build.make /nologo -L                  CMakeFiles\cmTC_92d3d.dir\build
Building C object CMakeFiles/cmTC_92d3d.dir/testCCompiler.c.obj
	C:\PROGRA~2\MICROS~1\2017\COMMUN~1\VC\Tools\MSVC\1416~1.270\bin\Hostx86\x86\cl.exe @C:\Users\Bailey\AppData\Local\Temp\nm6E65.tmp
testCCompiler.c
Linking C executable cmTC_92d3d.exe
	C:\Users\Bailey\AppData\Local\JetBrains\Toolbox\apps\CLion\ch-0\183.4886.39\bin\cmake\win\bin\cmake.exe -E vs_link_exe --intdir=CMakeFiles\cmTC_92d3d.dir --manifests  -- C:\PROGRA~2\MICROS~1\2017\COMMUN~1\VC\Tools\MSVC\1416~1.270\bin\Hostx86\x86\link.exe /nologo @CMakeFiles\cmTC_92d3d.dir\objects1.rsp @C:\Users\Bailey\AppData\Local\Temp\nm6EB4.tmp


Detecting C compiler ABI info compiled with the following output:
Change Dir: C:/Users/Bailey/OneDrive - Fareham College/Year 2/Programming/C Tutorials/Tutorial 7/Task 7/cmake-build-debug/CMakeFiles/CMakeTmp

Run Build Command:"nmake" "/nologo" "cmTC_64cb6\fast"
	"C:\Program Files (x86)\Microsoft Visual Studio\2017\Community\VC\Tools\MSVC\14.16.27023\bin\HostX86\x86\nmake.exe" -f CMakeFiles\cmTC_64cb6.dir\build.make /nologo -L                  CMakeFiles\cmTC_64cb6.dir\build
Building C object CMakeFiles/cmTC_64cb6.dir/CMakeCCompilerABI.c.obj
	C:\PROGRA~2\MICROS~1\2017\COMMUN~1\VC\Tools\MSVC\1416~1.270\bin\Hostx86\x86\cl.exe @C:\Users\Bailey\AppData\Local\Temp\nm70F6.tmp
CMakeCCompilerABI.c
Linking C executable cmTC_64cb6.exe
	C:\Users\Bailey\AppData\Local\JetBrains\Toolbox\apps\CLion\ch-0\183.4886.39\bin\cmake\win\bin\cmake.exe -E vs_link_exe --intdir=CMakeFiles\cmTC_64cb6.dir --manifests  -- C:\PROGRA~2\MICROS~1\2017\COMMUN~1\VC\Tools\MSVC\1416~1.270\bin\Hostx86\x86\link.exe /nologo @CMakeFiles\cmTC_64cb6.dir\objects1.rsp @C:\Users\Bailey\AppData\Local\Temp\nm7135.tmp




Detecting C [] compiler features compiled with the following output:
Change Dir: C:/Users/Bailey/OneDrive - Fareham College/Year 2/Programming/C Tutorials/Tutorial 7/Task 7/cmake-build-debug/CMakeFiles/CMakeTmp

Run Build Command:"nmake" "/nologo" "cmTC_81b9f\fast"
	"C:\Program Files (x86)\Microsoft Visual Studio\2017\Community\VC\Tools\MSVC\14.16.27023\bin\HostX86\x86\nmake.exe" -f CMakeFiles\cmTC_81b9f.dir\build.make /nologo -L                  CMakeFiles\cmTC_81b9f.dir\build
Building C object CMakeFiles/cmTC_81b9f.dir/feature_tests.c.obj
	C:\PROGRA~2\MICROS~1\2017\COMMUN~1\VC\Tools\MSVC\1416~1.270\bin\Hostx86\x86\cl.exe @C:\Users\Bailey\AppData\Local\Temp\nm7376.tmp
feature_tests.c
Linking C executable cmTC_81b9f.exe
	C:\Users\Bailey\AppData\Local\JetBrains\Toolbox\apps\CLion\ch-0\183.4886.39\bin\cmake\win\bin\cmake.exe -E vs_link_exe --intdir=CMakeFiles\cmTC_81b9f.dir --manifests  -- C:\PROGRA~2\MICROS~1\2017\COMMUN~1\VC\Tools\MSVC\1416~1.270\bin\Hostx86\x86\link.exe /nologo @CMakeFiles\cmTC_81b9f.dir\objects1.rsp @C:\Users\Bailey\AppData\Local\Temp\nm73C5.tmp


    Feature record: C_FEATURE:1c_function_prototypes
    Feature record: C_FEATURE:1c_variadic_macros
