The system is: Windows - 10.0.17763 - AMD64
Compiling the C compiler identification source file "CMakeCCompilerId.c" succeeded.
Compiler: C:/Program Files (x86)/Microsoft Visual Studio/2017/Community/VC/Tools/MSVC/14.16.27023/bin/Hostx86/x86/cl.exe 
Build flags: 
Id flags:  

The output was:
0
Microsoft (R) C/C++ Optimizing Compiler Version 19.16.27024.1 for x86
Copyright (C) Microsoft Corporation.  All rights reserved.

CMakeCCompilerId.c
Microsoft (R) Incremental Linker Version 14.16.27024.1
Copyright (C) Microsoft Corporation.  All rights reserved.

/out:CMakeCCompilerId.exe 
CMakeCCompilerId.obj 


Compilation of the C compiler identification source "CMakeCCompilerId.c" produced "CMakeCCompilerId.exe"

Compilation of the C compiler identification source "CMakeCCompilerId.c" produced "CMakeCCompilerId.obj"

The C compiler identification is MSVC, found in "C:/Users/Bailey/Desktop/C Tutorials/Tutorial 6/Task 10/cmake-build-debug/CMakeFiles/3.13.2/CompilerIdC/CMakeCCompilerId.exe"

Determining if the C compiler works passed with the following output:
Change Dir: C:/Users/Bailey/Desktop/C Tutorials/Tutorial 6/Task 10/cmake-build-debug/CMakeFiles/CMakeTmp

Run Build Command:"nmake" "/nologo" "cmTC_c7d89\fast"
	"C:\Program Files (x86)\Microsoft Visual Studio\2017\Community\VC\Tools\MSVC\14.16.27023\bin\HostX86\x86\nmake.exe" -f CMakeFiles\cmTC_c7d89.dir\build.make /nologo -L                  CMakeFiles\cmTC_c7d89.dir\build
Building C object CMakeFiles/cmTC_c7d89.dir/testCCompiler.c.obj
	C:\PROGRA~2\MICROS~1\2017\COMMUN~1\VC\Tools\MSVC\1416~1.270\bin\Hostx86\x86\cl.exe @C:\Users\Bailey\AppData\Local\Temp\nmFB8.tmp
testCCompiler.c
Linking C executable cmTC_c7d89.exe
	C:\Users\Bailey\AppData\Local\JetBrains\Toolbox\apps\CLion\ch-0\183.4886.39\bin\cmake\win\bin\cmake.exe -E vs_link_exe --intdir=CMakeFiles\cmTC_c7d89.dir --manifests  -- C:\PROGRA~2\MICROS~1\2017\COMMUN~1\VC\Tools\MSVC\1416~1.270\bin\Hostx86\x86\link.exe /nologo @CMakeFiles\cmTC_c7d89.dir\objects1.rsp @C:\Users\Bailey\AppData\Local\Temp\nmFF7.tmp


Detecting C compiler ABI info compiled with the following output:
Change Dir: C:/Users/Bailey/Desktop/C Tutorials/Tutorial 6/Task 10/cmake-build-debug/CMakeFiles/CMakeTmp

Run Build Command:"nmake" "/nologo" "cmTC_eb745\fast"
	"C:\Program Files (x86)\Microsoft Visual Studio\2017\Community\VC\Tools\MSVC\14.16.27023\bin\HostX86\x86\nmake.exe" -f CMakeFiles\cmTC_eb745.dir\build.make /nologo -L                  CMakeFiles\cmTC_eb745.dir\build
Building C object CMakeFiles/cmTC_eb745.dir/CMakeCCompilerABI.c.obj
	C:\PROGRA~2\MICROS~1\2017\COMMUN~1\VC\Tools\MSVC\1416~1.270\bin\Hostx86\x86\cl.exe @C:\Users\Bailey\AppData\Local\Temp\nm1238.tmp
CMakeCCompilerABI.c
Linking C executable cmTC_eb745.exe
	C:\Users\Bailey\AppData\Local\JetBrains\Toolbox\apps\CLion\ch-0\183.4886.39\bin\cmake\win\bin\cmake.exe -E vs_link_exe --intdir=CMakeFiles\cmTC_eb745.dir --manifests  -- C:\PROGRA~2\MICROS~1\2017\COMMUN~1\VC\Tools\MSVC\1416~1.270\bin\Hostx86\x86\link.exe /nologo @CMakeFiles\cmTC_eb745.dir\objects1.rsp @C:\Users\Bailey\AppData\Local\Temp\nm1287.tmp




Detecting C [] compiler features compiled with the following output:
Change Dir: C:/Users/Bailey/Desktop/C Tutorials/Tutorial 6/Task 10/cmake-build-debug/CMakeFiles/CMakeTmp

Run Build Command:"nmake" "/nologo" "cmTC_148f5\fast"
	"C:\Program Files (x86)\Microsoft Visual Studio\2017\Community\VC\Tools\MSVC\14.16.27023\bin\HostX86\x86\nmake.exe" -f CMakeFiles\cmTC_148f5.dir\build.make /nologo -L                  CMakeFiles\cmTC_148f5.dir\build
Building C object CMakeFiles/cmTC_148f5.dir/feature_tests.c.obj
	C:\PROGRA~2\MICROS~1\2017\COMMUN~1\VC\Tools\MSVC\1416~1.270\bin\Hostx86\x86\cl.exe @C:\Users\Bailey\AppData\Local\Temp\nm14E8.tmp
feature_tests.c
Linking C executable cmTC_148f5.exe
	C:\Users\Bailey\AppData\Local\JetBrains\Toolbox\apps\CLion\ch-0\183.4886.39\bin\cmake\win\bin\cmake.exe -E vs_link_exe --intdir=CMakeFiles\cmTC_148f5.dir --manifests  -- C:\PROGRA~2\MICROS~1\2017\COMMUN~1\VC\Tools\MSVC\1416~1.270\bin\Hostx86\x86\link.exe /nologo @CMakeFiles\cmTC_148f5.dir\objects1.rsp @C:\Users\Bailey\AppData\Local\Temp\nm1537.tmp


    Feature record: C_FEATURE:1c_function_prototypes
    Feature record: C_FEATURE:1c_variadic_macros
